%!Adobe-FontList 1.19
%Locale:0x409

%BeginFont
Handler:DirectoryHandler
FontType:Type1
FontName:Format_1452
FamilyName:Format_1452
StyleName:Medium A1
MenuName:Format_1452 Medium A1
StyleBits:0
WeightClass:500
WidthClass:5
AngleClass:0
FullName:Format_1452
WritingScript:Roman
OutlineFileName:\Format_1452.otf
DataFormat:sfntData
UsesStandardEncoding:yes
isCFF:yes
hasSVG:no
VariableFontType:NonVariableFont
FileLength:18568
FileModTime:1563454202
NameArray:0,Mac,4,Format_1452
NameArray:0,Win,1,Format_1452 Medium A1
NameArray:0,Win,16,Format_1452
%EndFont

